<?xml version="1.0" encoding="UTF-8"?>
<testsuites name="Triangulo" time="81.073" tests="3" failures="1" errors="0">
   <testsuite name="Triangulo" tests="3" failures="1" errors="0" time="81.073" skipped="0" timestamp="01-04-2025T19:31:28" hostname="danielafeoli - localhost" id="Test Suites/Triangulo">
      <properties>
         <property name="deviceName" value="emulator-5554 (Android SDK built for arm64 - Android 9)"/>
         <property name="devicePlatform" value="Android"/>
         <property name="logFolder" value="/Users/danielafeoli/Katalon Studio/My First Web UI Project/Reports/20250401_193127/Triangulo/20250401_193127"/>
         <property name="logFiles" value="/Users/danielafeoli/Katalon Studio/My First Web UI Project/Reports/20250401_193127/Triangulo/20250401_193127/execution0.log, /Users/danielafeoli/Katalon Studio/My First Web UI Project/Reports/20250401_193127/Triangulo/20250401_193127/appium_error.log, /Users/danielafeoli/Katalon Studio/My First Web UI Project/Reports/20250401_193127/Triangulo/20250401_193127/appium.log"/>
         <property name="attachments" value="/Users/danielafeoli/Katalon Studio/My First Web UI Project/Reports/20250401_193127/Triangulo/20250401_193127/1743546751410.png, /Users/danielafeoli/Katalon Studio/My First Web UI Project/Reports/20250401_193127/Triangulo/20250401_193127/1743546753188.png"/>
         <property name="hostName" value="danielafeoli - localhost"/>
         <property name="os" value="Mac OS X 64bit"/>
         <property name="appiumServerStatus" value="{&quot;value&quot;:{&quot;ready&quot;:true,&quot;message&quot;:&quot;The server is ready to accept new connections&quot;,&quot;build&quot;:{&quot;version&quot;:&quot;2.17.1&quot;,&quot;git-sha&quot;:&quot;ffec9fec724da725013d5b50e763908113983fc3&quot;,&quot;built&quot;:&quot;2025-03-11 13:39:40 -0700&quot;}}}"/>
         <property name="katalonVersion" value="10.1.1.0"/>
         <property name="deviceOS" value="Android"/>
         <property name="appiumVersion" value="2.17.1"/>
         <property name="deviceModel" value="Android SDK built for arm64"/>
         <property name="hostAddress" value="127.0.0.1"/>
         <property name="deviceManufacturer" value="unknown"/>
         <property name="deviceId" value="emulator-5554"/>
         <property name="deviceName" value="emulator-5554 (Android SDK built for arm64 - Android 9)"/>
         <property name="deviceOSVersion" value="9"/>
      </properties>
      <testcase name="Test Cases/Test Triangulo" time="18.409" classname="Test Cases/Test Triangulo" status="PASSED">
         <properties>
            <property name="data_binding"><![CDATA[{"ladoC":"1","ladoB":"1","ladoA":"1"}]]></property>
         </properties>
         <system-out><![CDATA[01-04-2025T19:31:28 - [TEST_CASE][PASSED] - Test Cases/Test Triangulo: Test Cases/Test Triangulo

01-04-2025T19:31:29 - [TEST_STEP][PASSED] - startApplication("/Users/danielafeoli/Downloads/TestingAvanzadoApp11.apk", true): Started application: '/Users/danielafeoli/Downloads/TestingAvanzadoApp11.apk'

01-04-2025T19:31:29 - [MESSAGE][INFO] - Starting application: '/Users/danielafeoli/Downloads/TestingAvanzadoApp11.apk'

01-04-2025T19:31:29 - [MESSAGE][INFO] - Detected NodeJS location: "/Users/danielafeoli/.nvm/versions/node/v22.14.0/bin/node"

01-04-2025T19:31:29 - [MESSAGE][INFO] - PATH: /Users/danielafeoli/.nvm/versions/node/v22.14.0/bin:/opt/homebrew/bin:/usr/bin:/bin:/usr/sbin:/sbin:/Applications/Katalon Studio Enterprise.app/Contents/Eclipse/jre/Contents/Home/bin:/usr/local/bin/

01-04-2025T19:31:29 - [MESSAGE][INFO] - APPIUM_HOME: /Users/danielafeoli/.appium

01-04-2025T19:31:29 - [MESSAGE][INFO] - appium outlog: /Users/danielafeoli/Katalon Studio/My First Web UI Project/Reports/20250401_193127/Triangulo/20250401_193127/appium.log

01-04-2025T19:31:29 - [MESSAGE][INFO] - appium errlog: /Users/danielafeoli/Katalon Studio/My First Web UI Project/Reports/20250401_193127/Triangulo/20250401_193127/appium_error.log

01-04-2025T19:31:31 - [MESSAGE][INFO] - Appium server started on port 51 311

01-04-2025T19:31:38 - [MESSAGE][PASSED] - Started application: '/Users/danielafeoli/Downloads/TestingAvanzadoApp11.apk'

01-04-2025T19:31:38 - [TEST_STEP][PASSED] - tap(findTestObject("Object Repository/TestUTN_Clase25Abr/android.widget.Button - Triangulo"), 0): Tapped on element 'Object Repository/TestUTN_Clase25Abr/android.widget.Button - Triangulo'

01-04-2025T19:31:38 - [MESSAGE][WARNING] - Timeout '0' is invalid. Using default page load timeout: '30'

01-04-2025T19:31:38 - [MESSAGE][PASSED] - Tapped on element 'Object Repository/TestUTN_Clase25Abr/android.widget.Button - Triangulo'

01-04-2025T19:31:38 - [TEST_STEP][PASSED] - setText(findTestObject("TestUTN_Clase25Abr/android.widget.EditText (1)"), ladoA, 0): Text '1' has been set to element 'Object Repository/TestUTN_Clase25Abr/android.widget.EditText (1)'

01-04-2025T19:31:38 - [MESSAGE][WARNING] - Timeout '0' is invalid. Using default page load timeout: '30'

01-04-2025T19:31:40 - [MESSAGE][PASSED] - Text '1' has been set to element 'Object Repository/TestUTN_Clase25Abr/android.widget.EditText (1)'

01-04-2025T19:31:40 - [TEST_STEP][PASSED] - setText(findTestObject("TestUTN_Clase25Abr/android.widget.EditText (2)"), ladoB, 0): Text '1' has been set to element 'Object Repository/TestUTN_Clase25Abr/android.widget.EditText (2)'

01-04-2025T19:31:40 - [MESSAGE][WARNING] - Timeout '0' is invalid. Using default page load timeout: '30'

01-04-2025T19:31:42 - [MESSAGE][PASSED] - Text '1' has been set to element 'Object Repository/TestUTN_Clase25Abr/android.widget.EditText (2)'

01-04-2025T19:31:42 - [TEST_STEP][PASSED] - setText(findTestObject("TestUTN_Clase25Abr/android.widget.EditText (3)"), ladoC, 0): Text '1' has been set to element 'Object Repository/TestUTN_Clase25Abr/android.widget.EditText (3)'

01-04-2025T19:31:42 - [MESSAGE][WARNING] - Timeout '0' is invalid. Using default page load timeout: '30'

01-04-2025T19:31:44 - [MESSAGE][PASSED] - Text '1' has been set to element 'Object Repository/TestUTN_Clase25Abr/android.widget.EditText (3)'

01-04-2025T19:31:44 - [TEST_STEP][PASSED] - tap(findTestObject("Object Repository/TestUTN_Clase25Abr/android.widget.Button - Calcular"), 0): Tapped on element 'Object Repository/TestUTN_Clase25Abr/android.widget.Button - Calcular'

01-04-2025T19:31:44 - [MESSAGE][WARNING] - Timeout '0' is invalid. Using default page load timeout: '30'

01-04-2025T19:31:44 - [MESSAGE][PASSED] - Tapped on element 'Object Repository/TestUTN_Clase25Abr/android.widget.Button - Calcular'

01-04-2025T19:31:44 - [TEST_STEP][PASSED] - verifyElementText(findTestObject("Object Repository/TestUTN_Clase25Abr/android.widget.EditText - S, es un tringulo"), "Sí, es un triángulo"): Actual text and expected text of test object 'Object Repository/TestUTN_Clase25Abr/android.widget.EditText - S, es un tringulo' are matched.

01-04-2025T19:31:45 - [MESSAGE][PASSED] - Actual text and expected text of test object 'Object Repository/TestUTN_Clase25Abr/android.widget.EditText - S, es un tringulo' are matched.

01-04-2025T19:31:45 - [TEST_STEP][PASSED] - closeApplication(): Close app successfully

01-04-2025T19:31:46 - [MESSAGE][INFO] - Cannot close application! An unknown server-side error occurred while processing the command. Original error: 'appinventor.ai_nicholais123.TestingAvanzadoApp' is still running after 500ms timeout
Build info: version: '4.22.0', revision: 'c5f3146703'
System info: os.name: 'Mac OS X', os.arch: 'aarch64', os.version: '15.3.1', java.version: '17.0.14'
Driver info: io.appium.java_client.android.AndroidDriver
Command: [440af8c0-fdda-44c9-a172-81db6e88c336, executeScript {script=mobile: terminateApp, args=[{appId=appinventor.ai_nicholais123.TestingAvanzadoApp, bundleId=appinventor.ai_nicholais123.TestingAvanzadoApp}]}]
Capabilities {appium:app: /Users/danielafeoli/Downloa..., appium:appPackage: appinventor.ai_nicholais123..., appium:autoGrantPermissions: true, appium:automationName: uiautomator2, appium:databaseEnabled: false, appium:desired: {app: /Users/danielafeoli/Downloa..., autoGrantPermissions: true, automationName: uiautomator2, deviceName: emulator-5554 (Android SDK ..., fullReset: true, newCommandTimeout: 1800, noReset: false, platformName: ANDROID, platformVersion: 9, systemPort: 51310, udid: emulator-5554}, appium:deviceApiLevel: 28, appium:deviceManufacturer: unknown, appium:deviceModel: Android SDK built for arm64, appium:deviceName: emulator-5554, appium:deviceScreenDensity: 440, appium:deviceScreenSize: 1080x2160, appium:deviceUDID: emulator-5554, appium:fullReset: true, appium:javascriptEnabled: true, appium:locationContextEnabled: false, appium:networkConnectionEnabled: true, appium:newCommandTimeout: 1800, appium:noReset: false, appium:pixelRatio: 2.75, appium:platformVersion: 9, appium:statBarHeight: 66, appium:systemPort: 51310, appium:takesScreenshot: true, appium:udid: emulator-5554, appium:viewportRect: {height: 2094, left: 0, top: 66, width: 1080}, appium:warnings: {}, appium:webStorageEnabled: false, platformName: ANDROID}
Session ID: 440af8c0-fdda-44c9-a172-81db6e88c336

01-04-2025T19:31:47 - [MESSAGE][PASSED] - Close app successfully]]></system-out>
         <system-err><![CDATA[]]></system-err>
      </testcase>
      <testcase name="Test Cases/Test Triangulo" time="46.349" classname="Test Cases/Test Triangulo" status="FAILED">
         <properties>
            <property name="data_binding"><![CDATA[{"ladoC":"3","ladoB":"2","ladoA":"1"}]]></property>
         </properties>
         <failure type="FAILED" message="Test Cases/Test Triangulo FAILED.&#xa;Reason:&#xa;com.kms.katalon.core.exception.StepFailedException: Verify element text of test object 'Object Repository/TestUTN_Clase25Abr/android.widget.EditText - S, es un tringulo' FAILED.&#xa;	at com.kms.katalon.core.mobile.keyword.internal.MobileKeywordMain.stepFailed(MobileKeywordMain.groovy:64)&#xa;	at com.kms.katalon.core.mobile.keyword.internal.MobileKeywordMain.runKeyword(MobileKeywordMain.groovy:34)&#xa;	at com.kms.katalon.core.mobile.keyword.builtin.VerifyElementTextKeyword.verifyElementText(VerifyElementTextKeyword.groovy:61)&#xa;	at com.kms.katalon.core.mobile.keyword.builtin.VerifyElementTextKeyword.execute(VerifyElementTextKeyword.groovy:38)&#xa;	at com.kms.katalon.core.keyword.internal.KeywordExecutor.executeKeywordForPlatform(KeywordExecutor.groovy:74)&#xa;	at com.kms.katalon.core.mobile.keyword.MobileBuiltInKeywords.verifyElementText(MobileBuiltInKeywords.groovy:2872)&#xa;	at Test Triangulo.run(Test Triangulo:32)&#xa;	at com.kms.katalon.core.main.ScriptEngine.run(ScriptEngine.java:194)&#xa;	at com.kms.katalon.core.main.ScriptEngine.runScriptAsRawText(ScriptEngine.java:119)&#xa;	at com.kms.katalon.core.main.TestCaseExecutor.runScript(TestCaseExecutor.java:448)&#xa;	at com.kms.katalon.core.main.TestCaseExecutor.doExecute(TestCaseExecutor.java:439)&#xa;	at com.kms.katalon.core.main.TestCaseExecutor.processExecutionPhase(TestCaseExecutor.java:418)&#xa;	at com.kms.katalon.core.main.TestCaseExecutor.accessMainPhase(TestCaseExecutor.java:410)&#xa;	at com.kms.katalon.core.main.TestCaseExecutor.execute(TestCaseExecutor.java:285)&#xa;	at com.kms.katalon.core.common.CommonExecutor.accessTestCaseMainPhase(CommonExecutor.java:71)&#xa;	at com.kms.katalon.core.main.TestSuiteExecutor.accessTestSuiteMainPhase(TestSuiteExecutor.java:160)&#xa;	at com.kms.katalon.core.main.TestSuiteExecutor.execute(TestSuiteExecutor.java:107)&#xa;	at com.kms.katalon.core.main.TestCaseMain.startTestSuite(TestCaseMain.java:180)&#xa;	at TempTestSuite1743546687172.run(TempTestSuite1743546687172.groovy:35)&#xa;	at java.base/jdk.internal.reflect.NativeMethodAccessorImpl.invoke0(Native Method)&#xa;	at java.base/jdk.internal.reflect.NativeMethodAccessorImpl.invoke(NativeMethodAccessorImpl.java:77)&#xa;	at java.base/jdk.internal.reflect.DelegatingMethodAccessorImpl.invoke(DelegatingMethodAccessorImpl.java:43)&#xa;Caused by: com.kms.katalon.core.exception.StepFailedException: Element 'Object Repository/TestUTN_Clase25Abr/android.widget.EditText - S, es un tringulo' not found&#xa;	at com.kms.katalon.core.mobile.keyword.internal.MobileKeywordMain.stepFailed(MobileKeywordMain.groovy:64)&#xa;	at com.kms.katalon.core.mobile.keyword.builtin.VerifyElementTextKeyword$_verifyElementText_closure1.doCall(VerifyElementTextKeyword.groovy:48)&#xa;	at com.kms.katalon.core.mobile.keyword.builtin.VerifyElementTextKeyword$_verifyElementText_closure1.call(VerifyElementTextKeyword.groovy)&#xa;	at com.kms.katalon.core.mobile.keyword.internal.MobileKeywordMain.runKeyword(MobileKeywordMain.groovy:30)&#xa;	... 20 more&#xa;"/>
         <system-out><![CDATA[01-04-2025T19:31:47 - [TEST_CASE][FAILED] - Test Cases/Test Triangulo: Test Cases/Test Triangulo FAILED.
Reason:
com.kms.katalon.core.exception.StepFailedException: Verify element text of test object 'Object Repository/TestUTN_Clase25Abr/android.widget.EditText - S, es un tringulo' FAILED.
	at com.kms.katalon.core.mobile.keyword.internal.MobileKeywordMain.stepFailed(MobileKeywordMain.groovy:64)
	at com.kms.katalon.core.mobile.keyword.internal.MobileKeywordMain.runKeyword(MobileKeywordMain.groovy:34)
	at com.kms.katalon.core.mobile.keyword.builtin.VerifyElementTextKeyword.verifyElementText(VerifyElementTextKeyword.groovy:61)
	at com.kms.katalon.core.mobile.keyword.builtin.VerifyElementTextKeyword.execute(VerifyElementTextKeyword.groovy:38)
	at com.kms.katalon.core.keyword.internal.KeywordExecutor.executeKeywordForPlatform(KeywordExecutor.groovy:74)
	at com.kms.katalon.core.mobile.keyword.MobileBuiltInKeywords.verifyElementText(MobileBuiltInKeywords.groovy:2872)
	at Test Triangulo.run(Test Triangulo:32)
	at com.kms.katalon.core.main.ScriptEngine.run(ScriptEngine.java:194)
	at com.kms.katalon.core.main.ScriptEngine.runScriptAsRawText(ScriptEngine.java:119)
	at com.kms.katalon.core.main.TestCaseExecutor.runScript(TestCaseExecutor.java:448)
	at com.kms.katalon.core.main.TestCaseExecutor.doExecute(TestCaseExecutor.java:439)
	at com.kms.katalon.core.main.TestCaseExecutor.processExecutionPhase(TestCaseExecutor.java:418)
	at com.kms.katalon.core.main.TestCaseExecutor.accessMainPhase(TestCaseExecutor.java:410)
	at com.kms.katalon.core.main.TestCaseExecutor.execute(TestCaseExecutor.java:285)
	at com.kms.katalon.core.common.CommonExecutor.accessTestCaseMainPhase(CommonExecutor.java:71)
	at com.kms.katalon.core.main.TestSuiteExecutor.accessTestSuiteMainPhase(TestSuiteExecutor.java:160)
	at com.kms.katalon.core.main.TestSuiteExecutor.execute(TestSuiteExecutor.java:107)
	at com.kms.katalon.core.main.TestCaseMain.startTestSuite(TestCaseMain.java:180)
	at TempTestSuite1743546687172.run(TempTestSuite1743546687172.groovy:35)
	at java.base/jdk.internal.reflect.NativeMethodAccessorImpl.invoke0(Native Method)
	at java.base/jdk.internal.reflect.NativeMethodAccessorImpl.invoke(NativeMethodAccessorImpl.java:77)
	at java.base/jdk.internal.reflect.DelegatingMethodAccessorImpl.invoke(DelegatingMethodAccessorImpl.java:43)
Caused by: com.kms.katalon.core.exception.StepFailedException: Element 'Object Repository/TestUTN_Clase25Abr/android.widget.EditText - S, es un tringulo' not found
	at com.kms.katalon.core.mobile.keyword.internal.MobileKeywordMain.stepFailed(MobileKeywordMain.groovy:64)
	at com.kms.katalon.core.mobile.keyword.builtin.VerifyElementTextKeyword$_verifyElementText_closure1.doCall(VerifyElementTextKeyword.groovy:48)
	at com.kms.katalon.core.mobile.keyword.builtin.VerifyElementTextKeyword$_verifyElementText_closure1.call(VerifyElementTextKeyword.groovy)
	at com.kms.katalon.core.mobile.keyword.internal.MobileKeywordMain.runKeyword(MobileKeywordMain.groovy:30)
	... 20 more


01-04-2025T19:31:47 - [TEST_STEP][PASSED] - startApplication("/Users/danielafeoli/Downloads/TestingAvanzadoApp11.apk", true): Started application: '/Users/danielafeoli/Downloads/TestingAvanzadoApp11.apk'

01-04-2025T19:31:47 - [MESSAGE][INFO] - Starting application: '/Users/danielafeoli/Downloads/TestingAvanzadoApp11.apk'

01-04-2025T19:31:47 - [MESSAGE][INFO] - Detected NodeJS location: "/Users/danielafeoli/.nvm/versions/node/v22.14.0/bin/node"

01-04-2025T19:31:47 - [MESSAGE][INFO] - PATH: /Users/danielafeoli/.nvm/versions/node/v22.14.0/bin:/opt/homebrew/bin:/usr/bin:/bin:/usr/sbin:/sbin:/Applications/Katalon Studio Enterprise.app/Contents/Eclipse/jre/Contents/Home/bin:/usr/local/bin/

01-04-2025T19:31:47 - [MESSAGE][INFO] - APPIUM_HOME: /Users/danielafeoli/.appium

01-04-2025T19:31:47 - [MESSAGE][INFO] - appium outlog: /Users/danielafeoli/Katalon Studio/My First Web UI Project/Reports/20250401_193127/Triangulo/20250401_193127/appium.log

01-04-2025T19:31:47 - [MESSAGE][INFO] - appium errlog: /Users/danielafeoli/Katalon Studio/My First Web UI Project/Reports/20250401_193127/Triangulo/20250401_193127/appium_error.log

01-04-2025T19:31:48 - [MESSAGE][INFO] - Appium server started on port 51 498

01-04-2025T19:31:54 - [MESSAGE][PASSED] - Started application: '/Users/danielafeoli/Downloads/TestingAvanzadoApp11.apk'

01-04-2025T19:31:54 - [TEST_STEP][PASSED] - tap(findTestObject("Object Repository/TestUTN_Clase25Abr/android.widget.Button - Triangulo"), 0): Tapped on element 'Object Repository/TestUTN_Clase25Abr/android.widget.Button - Triangulo'

01-04-2025T19:31:54 - [MESSAGE][WARNING] - Timeout '0' is invalid. Using default page load timeout: '30'

01-04-2025T19:31:54 - [MESSAGE][PASSED] - Tapped on element 'Object Repository/TestUTN_Clase25Abr/android.widget.Button - Triangulo'

01-04-2025T19:31:54 - [TEST_STEP][PASSED] - setText(findTestObject("TestUTN_Clase25Abr/android.widget.EditText (1)"), ladoA, 0): Text '1' has been set to element 'Object Repository/TestUTN_Clase25Abr/android.widget.EditText (1)'

01-04-2025T19:31:54 - [MESSAGE][WARNING] - Timeout '0' is invalid. Using default page load timeout: '30'

01-04-2025T19:31:56 - [MESSAGE][PASSED] - Text '1' has been set to element 'Object Repository/TestUTN_Clase25Abr/android.widget.EditText (1)'

01-04-2025T19:31:56 - [TEST_STEP][PASSED] - setText(findTestObject("TestUTN_Clase25Abr/android.widget.EditText (2)"), ladoB, 0): Text '2' has been set to element 'Object Repository/TestUTN_Clase25Abr/android.widget.EditText (2)'

01-04-2025T19:31:56 - [MESSAGE][WARNING] - Timeout '0' is invalid. Using default page load timeout: '30'

01-04-2025T19:31:58 - [MESSAGE][PASSED] - Text '2' has been set to element 'Object Repository/TestUTN_Clase25Abr/android.widget.EditText (2)'

01-04-2025T19:31:58 - [TEST_STEP][PASSED] - setText(findTestObject("TestUTN_Clase25Abr/android.widget.EditText (3)"), ladoC, 0): Text '3' has been set to element 'Object Repository/TestUTN_Clase25Abr/android.widget.EditText (3)'

01-04-2025T19:31:58 - [MESSAGE][WARNING] - Timeout '0' is invalid. Using default page load timeout: '30'

01-04-2025T19:32:00 - [MESSAGE][PASSED] - Text '3' has been set to element 'Object Repository/TestUTN_Clase25Abr/android.widget.EditText (3)'

01-04-2025T19:32:00 - [TEST_STEP][PASSED] - tap(findTestObject("Object Repository/TestUTN_Clase25Abr/android.widget.Button - Calcular"), 0): Tapped on element 'Object Repository/TestUTN_Clase25Abr/android.widget.Button - Calcular'

01-04-2025T19:32:00 - [MESSAGE][WARNING] - Timeout '0' is invalid. Using default page load timeout: '30'

01-04-2025T19:32:01 - [MESSAGE][PASSED] - Tapped on element 'Object Repository/TestUTN_Clase25Abr/android.widget.Button - Calcular'

01-04-2025T19:32:01 - [TEST_STEP][FAILED] - verifyElementText(findTestObject("Object Repository/TestUTN_Clase25Abr/android.widget.EditText - S, es un tringulo"), "Sí, es un triángulo"): Verify element text of test object 'Object Repository/TestUTN_Clase25Abr/android.widget.EditText - S, es un tringulo' FAILED. (Root cause: com.kms.katalon.core.exception.StepFailedException: Verify element text of test object 'Object Repository/TestUTN_Clase25Abr/android.widget.EditText - S, es un tringulo' FAILED.
	at com.kms.katalon.core.mobile.keyword.internal.MobileKeywordMain.stepFailed(MobileKeywordMain.groovy:64)
	at com.kms.katalon.core.mobile.keyword.internal.MobileKeywordMain.runKeyword(MobileKeywordMain.groovy:34)
	at com.kms.katalon.core.mobile.keyword.builtin.VerifyElementTextKeyword.verifyElementText(VerifyElementTextKeyword.groovy:61)
	at com.kms.katalon.core.mobile.keyword.builtin.VerifyElementTextKeyword.execute(VerifyElementTextKeyword.groovy:38)
	at com.kms.katalon.core.keyword.internal.KeywordExecutor.executeKeywordForPlatform(KeywordExecutor.groovy:74)
	at com.kms.katalon.core.mobile.keyword.MobileBuiltInKeywords.verifyElementText(MobileBuiltInKeywords.groovy:2872)
	at Test Triangulo.run(Test Triangulo:32)
	at com.kms.katalon.core.main.ScriptEngine.run(ScriptEngine.java:194)
	at com.kms.katalon.core.main.ScriptEngine.runScriptAsRawText(ScriptEngine.java:119)
	at com.kms.katalon.core.main.TestCaseExecutor.runScript(TestCaseExecutor.java:448)
	at com.kms.katalon.core.main.TestCaseExecutor.doExecute(TestCaseExecutor.java:439)
	at com.kms.katalon.core.main.TestCaseExecutor.processExecutionPhase(TestCaseExecutor.java:418)
	at com.kms.katalon.core.main.TestCaseExecutor.accessMainPhase(TestCaseExecutor.java:410)
	at com.kms.katalon.core.main.TestCaseExecutor.execute(TestCaseExecutor.java:285)
	at com.kms.katalon.core.common.CommonExecutor.accessTestCaseMainPhase(CommonExecutor.java:71)
	at com.kms.katalon.core.main.TestSuiteExecutor.accessTestSuiteMainPhase(TestSuiteExecutor.java:160)
	at com.kms.katalon.core.main.TestSuiteExecutor.execute(TestSuiteExecutor.java:107)
	at com.kms.katalon.core.main.TestCaseMain.startTestSuite(TestCaseMain.java:180)
	at TempTestSuite1743546687172.run(TempTestSuite1743546687172.groovy:35)
	at java.base/jdk.internal.reflect.NativeMethodAccessorImpl.invoke0(Native Method)
	at java.base/jdk.internal.reflect.NativeMethodAccessorImpl.invoke(NativeMethodAccessorImpl.java:77)
	at java.base/jdk.internal.reflect.DelegatingMethodAccessorImpl.invoke(DelegatingMethodAccessorImpl.java:43)
Caused by: com.kms.katalon.core.exception.StepFailedException: Element 'Object Repository/TestUTN_Clase25Abr/android.widget.EditText - S, es un tringulo' not found
	at com.kms.katalon.core.mobile.keyword.internal.MobileKeywordMain.stepFailed(MobileKeywordMain.groovy:64)
	at com.kms.katalon.core.mobile.keyword.builtin.VerifyElementTextKeyword$_verifyElementText_closure1.doCall(VerifyElementTextKeyword.groovy:48)
	at com.kms.katalon.core.mobile.keyword.builtin.VerifyElementTextKeyword$_verifyElementText_closure1.call(VerifyElementTextKeyword.groovy)
	at com.kms.katalon.core.mobile.keyword.internal.MobileKeywordMain.runKeyword(MobileKeywordMain.groovy:30)
	... 20 more
)

01-04-2025T19:32:33 - [MESSAGE][FAILED] - Element 'Object Repository/TestUTN_Clase25Abr/android.widget.EditText - S, es un tringulo' not found (Root cause: com.kms.katalon.core.exception.StepFailedException: Element 'Object Repository/TestUTN_Clase25Abr/android.widget.EditText - S, es un tringulo' not found
	at com.kms.katalon.core.mobile.keyword.internal.MobileKeywordMain.stepFailed(MobileKeywordMain.groovy:64)
	at com.kms.katalon.core.mobile.keyword.builtin.VerifyElementTextKeyword$_verifyElementText_closure1.doCall(VerifyElementTextKeyword.groovy:48)
	at com.kms.katalon.core.mobile.keyword.builtin.VerifyElementTextKeyword$_verifyElementText_closure1.call(VerifyElementTextKeyword.groovy)
	at com.kms.katalon.core.mobile.keyword.internal.MobileKeywordMain.runKeyword(MobileKeywordMain.groovy:30)
	at com.kms.katalon.core.mobile.keyword.builtin.VerifyElementTextKeyword.verifyElementText(VerifyElementTextKeyword.groovy:61)
	at com.kms.katalon.core.mobile.keyword.builtin.VerifyElementTextKeyword.execute(VerifyElementTextKeyword.groovy:38)
	at com.kms.katalon.core.keyword.internal.KeywordExecutor.executeKeywordForPlatform(KeywordExecutor.groovy:74)
	at com.kms.katalon.core.mobile.keyword.MobileBuiltInKeywords.verifyElementText(MobileBuiltInKeywords.groovy:2872)
	at Test Triangulo.run(Test Triangulo:32)
	at com.kms.katalon.core.main.ScriptEngine.run(ScriptEngine.java:194)
	at com.kms.katalon.core.main.ScriptEngine.runScriptAsRawText(ScriptEngine.java:119)
	at com.kms.katalon.core.main.TestCaseExecutor.runScript(TestCaseExecutor.java:448)
	at com.kms.katalon.core.main.TestCaseExecutor.doExecute(TestCaseExecutor.java:439)
	at com.kms.katalon.core.main.TestCaseExecutor.processExecutionPhase(TestCaseExecutor.java:418)
	at com.kms.katalon.core.main.TestCaseExecutor.accessMainPhase(TestCaseExecutor.java:410)
	at com.kms.katalon.core.main.TestCaseExecutor.execute(TestCaseExecutor.java:285)
	at com.kms.katalon.core.common.CommonExecutor.accessTestCaseMainPhase(CommonExecutor.java:71)
	at com.kms.katalon.core.main.TestSuiteExecutor.accessTestSuiteMainPhase(TestSuiteExecutor.java:160)
	at com.kms.katalon.core.main.TestSuiteExecutor.execute(TestSuiteExecutor.java:107)
	at com.kms.katalon.core.main.TestCaseMain.startTestSuite(TestCaseMain.java:180)
	at TempTestSuite1743546687172.run(TempTestSuite1743546687172.groovy:35)
	at java.base/jdk.internal.reflect.NativeMethodAccessorImpl.invoke0(Native Method)
	at java.base/jdk.internal.reflect.NativeMethodAccessorImpl.invoke(NativeMethodAccessorImpl.java:77)
	at java.base/jdk.internal.reflect.DelegatingMethodAccessorImpl.invoke(DelegatingMethodAccessorImpl.java:43)
)
[[ATTACHMENT|/Users/danielafeoli/Katalon Studio/My First Web UI Project/Reports/20250401_193127/Triangulo/20250401_193127/1743546751410.png]]

01-04-2025T19:32:33 - [MESSAGE][FAILED] - Verify element text of test object 'Object Repository/TestUTN_Clase25Abr/android.widget.EditText - S, es un tringulo' FAILED. (Root cause: com.kms.katalon.core.exception.StepFailedException: Verify element text of test object 'Object Repository/TestUTN_Clase25Abr/android.widget.EditText - S, es un tringulo' FAILED.
	at com.kms.katalon.core.mobile.keyword.internal.MobileKeywordMain.stepFailed(MobileKeywordMain.groovy:64)
	at com.kms.katalon.core.mobile.keyword.internal.MobileKeywordMain.runKeyword(MobileKeywordMain.groovy:34)
	at com.kms.katalon.core.mobile.keyword.builtin.VerifyElementTextKeyword.verifyElementText(VerifyElementTextKeyword.groovy:61)
	at com.kms.katalon.core.mobile.keyword.builtin.VerifyElementTextKeyword.execute(VerifyElementTextKeyword.groovy:38)
	at com.kms.katalon.core.keyword.internal.KeywordExecutor.executeKeywordForPlatform(KeywordExecutor.groovy:74)
	at com.kms.katalon.core.mobile.keyword.MobileBuiltInKeywords.verifyElementText(MobileBuiltInKeywords.groovy:2872)
	at Test Triangulo.run(Test Triangulo:32)
	at com.kms.katalon.core.main.ScriptEngine.run(ScriptEngine.java:194)
	at com.kms.katalon.core.main.ScriptEngine.runScriptAsRawText(ScriptEngine.java:119)
	at com.kms.katalon.core.main.TestCaseExecutor.runScript(TestCaseExecutor.java:448)
	at com.kms.katalon.core.main.TestCaseExecutor.doExecute(TestCaseExecutor.java:439)
	at com.kms.katalon.core.main.TestCaseExecutor.processExecutionPhase(TestCaseExecutor.java:418)
	at com.kms.katalon.core.main.TestCaseExecutor.accessMainPhase(TestCaseExecutor.java:410)
	at com.kms.katalon.core.main.TestCaseExecutor.execute(TestCaseExecutor.java:285)
	at com.kms.katalon.core.common.CommonExecutor.accessTestCaseMainPhase(CommonExecutor.java:71)
	at com.kms.katalon.core.main.TestSuiteExecutor.accessTestSuiteMainPhase(TestSuiteExecutor.java:160)
	at com.kms.katalon.core.main.TestSuiteExecutor.execute(TestSuiteExecutor.java:107)
	at com.kms.katalon.core.main.TestCaseMain.startTestSuite(TestCaseMain.java:180)
	at TempTestSuite1743546687172.run(TempTestSuite1743546687172.groovy:35)
	at java.base/jdk.internal.reflect.NativeMethodAccessorImpl.invoke0(Native Method)
	at java.base/jdk.internal.reflect.NativeMethodAccessorImpl.invoke(NativeMethodAccessorImpl.java:77)
	at java.base/jdk.internal.reflect.DelegatingMethodAccessorImpl.invoke(DelegatingMethodAccessorImpl.java:43)
Caused by: com.kms.katalon.core.exception.StepFailedException: Element 'Object Repository/TestUTN_Clase25Abr/android.widget.EditText - S, es un tringulo' not found
	at com.kms.katalon.core.mobile.keyword.internal.MobileKeywordMain.stepFailed(MobileKeywordMain.groovy:64)
	at com.kms.katalon.core.mobile.keyword.builtin.VerifyElementTextKeyword$_verifyElementText_closure1.doCall(VerifyElementTextKeyword.groovy:48)
	at com.kms.katalon.core.mobile.keyword.builtin.VerifyElementTextKeyword$_verifyElementText_closure1.call(VerifyElementTextKeyword.groovy)
	at com.kms.katalon.core.mobile.keyword.internal.MobileKeywordMain.runKeyword(MobileKeywordMain.groovy:30)
	... 20 more
)
[[ATTACHMENT|/Users/danielafeoli/Katalon Studio/My First Web UI Project/Reports/20250401_193127/Triangulo/20250401_193127/1743546753188.png]]]]></system-out>
         <system-err><![CDATA[01-04-2025T19:31:47 - [TEST_CASE][FAILED] - Test Cases/Test Triangulo: Test Cases/Test Triangulo FAILED.
Reason:
com.kms.katalon.core.exception.StepFailedException: Verify element text of test object 'Object Repository/TestUTN_Clase25Abr/android.widget.EditText - S, es un tringulo' FAILED.
	at com.kms.katalon.core.mobile.keyword.internal.MobileKeywordMain.stepFailed(MobileKeywordMain.groovy:64)
	at com.kms.katalon.core.mobile.keyword.internal.MobileKeywordMain.runKeyword(MobileKeywordMain.groovy:34)
	at com.kms.katalon.core.mobile.keyword.builtin.VerifyElementTextKeyword.verifyElementText(VerifyElementTextKeyword.groovy:61)
	at com.kms.katalon.core.mobile.keyword.builtin.VerifyElementTextKeyword.execute(VerifyElementTextKeyword.groovy:38)
	at com.kms.katalon.core.keyword.internal.KeywordExecutor.executeKeywordForPlatform(KeywordExecutor.groovy:74)
	at com.kms.katalon.core.mobile.keyword.MobileBuiltInKeywords.verifyElementText(MobileBuiltInKeywords.groovy:2872)
	at Test Triangulo.run(Test Triangulo:32)
	at com.kms.katalon.core.main.ScriptEngine.run(ScriptEngine.java:194)
	at com.kms.katalon.core.main.ScriptEngine.runScriptAsRawText(ScriptEngine.java:119)
	at com.kms.katalon.core.main.TestCaseExecutor.runScript(TestCaseExecutor.java:448)
	at com.kms.katalon.core.main.TestCaseExecutor.doExecute(TestCaseExecutor.java:439)
	at com.kms.katalon.core.main.TestCaseExecutor.processExecutionPhase(TestCaseExecutor.java:418)
	at com.kms.katalon.core.main.TestCaseExecutor.accessMainPhase(TestCaseExecutor.java:410)
	at com.kms.katalon.core.main.TestCaseExecutor.execute(TestCaseExecutor.java:285)
	at com.kms.katalon.core.common.CommonExecutor.accessTestCaseMainPhase(CommonExecutor.java:71)
	at com.kms.katalon.core.main.TestSuiteExecutor.accessTestSuiteMainPhase(TestSuiteExecutor.java:160)
	at com.kms.katalon.core.main.TestSuiteExecutor.execute(TestSuiteExecutor.java:107)
	at com.kms.katalon.core.main.TestCaseMain.startTestSuite(TestCaseMain.java:180)
	at TempTestSuite1743546687172.run(TempTestSuite1743546687172.groovy:35)
	at java.base/jdk.internal.reflect.NativeMethodAccessorImpl.invoke0(Native Method)
	at java.base/jdk.internal.reflect.NativeMethodAccessorImpl.invoke(NativeMethodAccessorImpl.java:77)
	at java.base/jdk.internal.reflect.DelegatingMethodAccessorImpl.invoke(DelegatingMethodAccessorImpl.java:43)
Caused by: com.kms.katalon.core.exception.StepFailedException: Element 'Object Repository/TestUTN_Clase25Abr/android.widget.EditText - S, es un tringulo' not found
	at com.kms.katalon.core.mobile.keyword.internal.MobileKeywordMain.stepFailed(MobileKeywordMain.groovy:64)
	at com.kms.katalon.core.mobile.keyword.builtin.VerifyElementTextKeyword$_verifyElementText_closure1.doCall(VerifyElementTextKeyword.groovy:48)
	at com.kms.katalon.core.mobile.keyword.builtin.VerifyElementTextKeyword$_verifyElementText_closure1.call(VerifyElementTextKeyword.groovy)
	at com.kms.katalon.core.mobile.keyword.internal.MobileKeywordMain.runKeyword(MobileKeywordMain.groovy:30)
	... 20 more]]></system-err>
      </testcase>
      <testcase name="Test Cases/Test Triangulo" time="16.16" classname="Test Cases/Test Triangulo" status="PASSED">
         <properties>
            <property name="data_binding"><![CDATA[{"ladoC":"5","ladoB":"4","ladoA":"3"}]]></property>
         </properties>
         <system-out><![CDATA[01-04-2025T19:32:33 - [TEST_CASE][PASSED] - Test Cases/Test Triangulo: Test Cases/Test Triangulo

01-04-2025T19:32:33 - [TEST_STEP][PASSED] - startApplication("/Users/danielafeoli/Downloads/TestingAvanzadoApp11.apk", true): Started application: '/Users/danielafeoli/Downloads/TestingAvanzadoApp11.apk'

01-04-2025T19:32:33 - [MESSAGE][INFO] - Starting application: '/Users/danielafeoli/Downloads/TestingAvanzadoApp11.apk'

01-04-2025T19:32:40 - [MESSAGE][PASSED] - Started application: '/Users/danielafeoli/Downloads/TestingAvanzadoApp11.apk'

01-04-2025T19:32:40 - [TEST_STEP][PASSED] - tap(findTestObject("Object Repository/TestUTN_Clase25Abr/android.widget.Button - Triangulo"), 0): Tapped on element 'Object Repository/TestUTN_Clase25Abr/android.widget.Button - Triangulo'

01-04-2025T19:32:40 - [MESSAGE][WARNING] - Timeout '0' is invalid. Using default page load timeout: '30'

01-04-2025T19:32:41 - [MESSAGE][PASSED] - Tapped on element 'Object Repository/TestUTN_Clase25Abr/android.widget.Button - Triangulo'

01-04-2025T19:32:41 - [TEST_STEP][PASSED] - setText(findTestObject("TestUTN_Clase25Abr/android.widget.EditText (1)"), ladoA, 0): Text '3' has been set to element 'Object Repository/TestUTN_Clase25Abr/android.widget.EditText (1)'

01-04-2025T19:32:41 - [MESSAGE][WARNING] - Timeout '0' is invalid. Using default page load timeout: '30'

01-04-2025T19:32:43 - [MESSAGE][PASSED] - Text '3' has been set to element 'Object Repository/TestUTN_Clase25Abr/android.widget.EditText (1)'

01-04-2025T19:32:43 - [TEST_STEP][PASSED] - setText(findTestObject("TestUTN_Clase25Abr/android.widget.EditText (2)"), ladoB, 0): Text '4' has been set to element 'Object Repository/TestUTN_Clase25Abr/android.widget.EditText (2)'

01-04-2025T19:32:43 - [MESSAGE][WARNING] - Timeout '0' is invalid. Using default page load timeout: '30'

01-04-2025T19:32:44 - [MESSAGE][PASSED] - Text '4' has been set to element 'Object Repository/TestUTN_Clase25Abr/android.widget.EditText (2)'

01-04-2025T19:32:44 - [TEST_STEP][PASSED] - setText(findTestObject("TestUTN_Clase25Abr/android.widget.EditText (3)"), ladoC, 0): Text '5' has been set to element 'Object Repository/TestUTN_Clase25Abr/android.widget.EditText (3)'

01-04-2025T19:32:44 - [MESSAGE][WARNING] - Timeout '0' is invalid. Using default page load timeout: '30'

01-04-2025T19:32:46 - [MESSAGE][PASSED] - Text '5' has been set to element 'Object Repository/TestUTN_Clase25Abr/android.widget.EditText (3)'

01-04-2025T19:32:46 - [TEST_STEP][PASSED] - tap(findTestObject("Object Repository/TestUTN_Clase25Abr/android.widget.Button - Calcular"), 0): Tapped on element 'Object Repository/TestUTN_Clase25Abr/android.widget.Button - Calcular'

01-04-2025T19:32:46 - [MESSAGE][WARNING] - Timeout '0' is invalid. Using default page load timeout: '30'

01-04-2025T19:32:47 - [MESSAGE][PASSED] - Tapped on element 'Object Repository/TestUTN_Clase25Abr/android.widget.Button - Calcular'

01-04-2025T19:32:47 - [TEST_STEP][PASSED] - verifyElementText(findTestObject("Object Repository/TestUTN_Clase25Abr/android.widget.EditText - S, es un tringulo"), "Sí, es un triángulo"): Actual text and expected text of test object 'Object Repository/TestUTN_Clase25Abr/android.widget.EditText - S, es un tringulo' are matched.

01-04-2025T19:32:47 - [MESSAGE][PASSED] - Actual text and expected text of test object 'Object Repository/TestUTN_Clase25Abr/android.widget.EditText - S, es un tringulo' are matched.

01-04-2025T19:32:47 - [TEST_STEP][PASSED] - closeApplication(): Close app successfully

01-04-2025T19:32:48 - [MESSAGE][INFO] - Cannot close application! An unknown server-side error occurred while processing the command. Original error: 'appinventor.ai_nicholais123.TestingAvanzadoApp' is still running after 500ms timeout
Build info: version: '4.22.0', revision: 'c5f3146703'
System info: os.name: 'Mac OS X', os.arch: 'aarch64', os.version: '15.3.1', java.version: '17.0.14'
Driver info: io.appium.java_client.android.AndroidDriver
Command: [59660f37-d53e-4a1c-8d61-12c98f307bdc, executeScript {script=mobile: terminateApp, args=[{appId=appinventor.ai_nicholais123.TestingAvanzadoApp, bundleId=appinventor.ai_nicholais123.TestingAvanzadoApp}]}]
Capabilities {appium:app: /Users/danielafeoli/Downloa..., appium:appPackage: appinventor.ai_nicholais123..., appium:autoGrantPermissions: true, appium:automationName: uiautomator2, appium:databaseEnabled: false, appium:desired: {app: /Users/danielafeoli/Downloa..., autoGrantPermissions: true, automationName: uiautomator2, deviceName: emulator-5554 (Android SDK ..., fullReset: true, newCommandTimeout: 1800, noReset: false, platformName: ANDROID, platformVersion: 9, systemPort: 51665, udid: emulator-5554}, appium:deviceApiLevel: 28, appium:deviceManufacturer: unknown, appium:deviceModel: Android SDK built for arm64, appium:deviceName: emulator-5554, appium:deviceScreenDensity: 440, appium:deviceScreenSize: 1080x2160, appium:deviceUDID: emulator-5554, appium:fullReset: true, appium:javascriptEnabled: true, appium:locationContextEnabled: false, appium:networkConnectionEnabled: true, appium:newCommandTimeout: 1800, appium:noReset: false, appium:pixelRatio: 2.75, appium:platformVersion: 9, appium:statBarHeight: 66, appium:systemPort: 51665, appium:takesScreenshot: true, appium:udid: emulator-5554, appium:viewportRect: {height: 2094, left: 0, top: 66, width: 1080}, appium:warnings: {}, appium:webStorageEnabled: false, platformName: ANDROID}
Session ID: 59660f37-d53e-4a1c-8d61-12c98f307bdc

01-04-2025T19:32:49 - [MESSAGE][PASSED] - Close app successfully]]></system-out>
         <system-err><![CDATA[]]></system-err>
      </testcase>
      <system-out><![CDATA[01-04-2025T19:31:28 - [TEST_SUITE][FAILED] - Triangulo: Test Cases/Test Triangulo FAILED.
Reason:
com.kms.katalon.core.exception.StepFailedException: Verify element text of test object 'Object Repository/TestUTN_Clase25Abr/android.widget.EditText - S, es un tringulo' FAILED.
	at com.kms.katalon.core.mobile.keyword.internal.MobileKeywordMain.stepFailed(MobileKeywordMain.groovy:64)
	at com.kms.katalon.core.mobile.keyword.internal.MobileKeywordMain.runKeyword(MobileKeywordMain.groovy:34)
	at com.kms.katalon.core.mobile.keyword.builtin.VerifyElementTextKeyword.verifyElementText(VerifyElementTextKeyword.groovy:61)
	at com.kms.katalon.core.mobile.keyword.builtin.VerifyElementTextKeyword.execute(VerifyElementTextKeyword.groovy:38)
	at com.kms.katalon.core.keyword.internal.KeywordExecutor.executeKeywordForPlatform(KeywordExecutor.groovy:74)
	at com.kms.katalon.core.mobile.keyword.MobileBuiltInKeywords.verifyElementText(MobileBuiltInKeywords.groovy:2872)
	at Test Triangulo.run(Test Triangulo:32)
	at com.kms.katalon.core.main.ScriptEngine.run(ScriptEngine.java:194)
	at com.kms.katalon.core.main.ScriptEngine.runScriptAsRawText(ScriptEngine.java:119)
	at com.kms.katalon.core.main.TestCaseExecutor.runScript(TestCaseExecutor.java:448)
	at com.kms.katalon.core.main.TestCaseExecutor.doExecute(TestCaseExecutor.java:439)
	at com.kms.katalon.core.main.TestCaseExecutor.processExecutionPhase(TestCaseExecutor.java:418)
	at com.kms.katalon.core.main.TestCaseExecutor.accessMainPhase(TestCaseExecutor.java:410)
	at com.kms.katalon.core.main.TestCaseExecutor.execute(TestCaseExecutor.java:285)
	at com.kms.katalon.core.common.CommonExecutor.accessTestCaseMainPhase(CommonExecutor.java:71)
	at com.kms.katalon.core.main.TestSuiteExecutor.accessTestSuiteMainPhase(TestSuiteExecutor.java:160)
	at com.kms.katalon.core.main.TestSuiteExecutor.execute(TestSuiteExecutor.java:107)
	at com.kms.katalon.core.main.TestCaseMain.startTestSuite(TestCaseMain.java:180)
	at TempTestSuite1743546687172.run(TempTestSuite1743546687172.groovy:35)
	at java.base/jdk.internal.reflect.NativeMethodAccessorImpl.invoke0(Native Method)
	at java.base/jdk.internal.reflect.NativeMethodAccessorImpl.invoke(NativeMethodAccessorImpl.java:77)
	at java.base/jdk.internal.reflect.DelegatingMethodAccessorImpl.invoke(DelegatingMethodAccessorImpl.java:43)
Caused by: com.kms.katalon.core.exception.StepFailedException: Element 'Object Repository/TestUTN_Clase25Abr/android.widget.EditText - S, es un tringulo' not found
	at com.kms.katalon.core.mobile.keyword.internal.MobileKeywordMain.stepFailed(MobileKeywordMain.groovy:64)
	at com.kms.katalon.core.mobile.keyword.builtin.VerifyElementTextKeyword$_verifyElementText_closure1.doCall(VerifyElementTextKeyword.groovy:48)
	at com.kms.katalon.core.mobile.keyword.builtin.VerifyElementTextKeyword$_verifyElementText_closure1.call(VerifyElementTextKeyword.groovy)
	at com.kms.katalon.core.mobile.keyword.internal.MobileKeywordMain.runKeyword(MobileKeywordMain.groovy:30)
	... 20 more]]></system-out>
      <system-err><![CDATA[01-04-2025T19:31:28 - [TEST_SUITE][FAILED] - Triangulo: Test Cases/Test Triangulo FAILED.
Reason:
com.kms.katalon.core.exception.StepFailedException: Verify element text of test object 'Object Repository/TestUTN_Clase25Abr/android.widget.EditText - S, es un tringulo' FAILED.
	at com.kms.katalon.core.mobile.keyword.internal.MobileKeywordMain.stepFailed(MobileKeywordMain.groovy:64)
	at com.kms.katalon.core.mobile.keyword.internal.MobileKeywordMain.runKeyword(MobileKeywordMain.groovy:34)
	at com.kms.katalon.core.mobile.keyword.builtin.VerifyElementTextKeyword.verifyElementText(VerifyElementTextKeyword.groovy:61)
	at com.kms.katalon.core.mobile.keyword.builtin.VerifyElementTextKeyword.execute(VerifyElementTextKeyword.groovy:38)
	at com.kms.katalon.core.keyword.internal.KeywordExecutor.executeKeywordForPlatform(KeywordExecutor.groovy:74)
	at com.kms.katalon.core.mobile.keyword.MobileBuiltInKeywords.verifyElementText(MobileBuiltInKeywords.groovy:2872)
	at Test Triangulo.run(Test Triangulo:32)
	at com.kms.katalon.core.main.ScriptEngine.run(ScriptEngine.java:194)
	at com.kms.katalon.core.main.ScriptEngine.runScriptAsRawText(ScriptEngine.java:119)
	at com.kms.katalon.core.main.TestCaseExecutor.runScript(TestCaseExecutor.java:448)
	at com.kms.katalon.core.main.TestCaseExecutor.doExecute(TestCaseExecutor.java:439)
	at com.kms.katalon.core.main.TestCaseExecutor.processExecutionPhase(TestCaseExecutor.java:418)
	at com.kms.katalon.core.main.TestCaseExecutor.accessMainPhase(TestCaseExecutor.java:410)
	at com.kms.katalon.core.main.TestCaseExecutor.execute(TestCaseExecutor.java:285)
	at com.kms.katalon.core.common.CommonExecutor.accessTestCaseMainPhase(CommonExecutor.java:71)
	at com.kms.katalon.core.main.TestSuiteExecutor.accessTestSuiteMainPhase(TestSuiteExecutor.java:160)
	at com.kms.katalon.core.main.TestSuiteExecutor.execute(TestSuiteExecutor.java:107)
	at com.kms.katalon.core.main.TestCaseMain.startTestSuite(TestCaseMain.java:180)
	at TempTestSuite1743546687172.run(TempTestSuite1743546687172.groovy:35)
	at java.base/jdk.internal.reflect.NativeMethodAccessorImpl.invoke0(Native Method)
	at java.base/jdk.internal.reflect.NativeMethodAccessorImpl.invoke(NativeMethodAccessorImpl.java:77)
	at java.base/jdk.internal.reflect.DelegatingMethodAccessorImpl.invoke(DelegatingMethodAccessorImpl.java:43)
Caused by: com.kms.katalon.core.exception.StepFailedException: Element 'Object Repository/TestUTN_Clase25Abr/android.widget.EditText - S, es un tringulo' not found
	at com.kms.katalon.core.mobile.keyword.internal.MobileKeywordMain.stepFailed(MobileKeywordMain.groovy:64)
	at com.kms.katalon.core.mobile.keyword.builtin.VerifyElementTextKeyword$_verifyElementText_closure1.doCall(VerifyElementTextKeyword.groovy:48)
	at com.kms.katalon.core.mobile.keyword.builtin.VerifyElementTextKeyword$_verifyElementText_closure1.call(VerifyElementTextKeyword.groovy)
	at com.kms.katalon.core.mobile.keyword.internal.MobileKeywordMain.runKeyword(MobileKeywordMain.groovy:30)
	... 20 more]]></system-err>
   </testsuite>
</testsuites>
